<?xml version="1.0" encoding="UTF-8"?>
<coverage generated="1696008265896" clover="3.2.0">
  <project timestamp="1696008265896" name="All files">
    <metrics statements="23" coveredstatements="23" conditionals="0" coveredconditionals="0" methods="6" coveredmethods="6" elements="29" coveredelements="29" complexity="0" loc="23" ncloc="23" packages="1" files="5" classes="5"/>
    <file name="ElementFactory.ts" path="/usr/src/app/src/dom/virtual-dom/ElementFactory.ts">
      <metrics statements="3" coveredstatements="3" conditionals="0" coveredconditionals="0" methods="1" coveredmethods="1"/>
      <line num="1" count="2" type="stmt"/>
      <line num="4" count="2" type="stmt"/>
      <line num="10" count="2" type="stmt"/>
    </file>
    <file name="ElementNode.ts" path="/usr/src/app/src/dom/virtual-dom/ElementNode.ts">
      <metrics statements="12" coveredstatements="12" conditionals="0" coveredconditionals="0" methods="2" coveredmethods="2"/>
      <line num="1" count="4" type="stmt"/>
      <line num="3" count="4" type="stmt"/>
      <line num="5" count="4" type="stmt"/>
      <line num="6" count="4" type="stmt"/>
      <line num="7" count="4" type="stmt"/>
      <line num="9" count="4" type="stmt"/>
      <line num="13" count="4" type="stmt"/>
      <line num="15" count="4" type="stmt"/>
      <line num="16" count="4" type="stmt"/>
      <line num="19" count="4" type="stmt"/>
      <line num="20" count="4" type="stmt"/>
      <line num="23" count="4" type="stmt"/>
    </file>
    <file name="Node.ts" path="/usr/src/app/src/dom/virtual-dom/Node.ts">
      <metrics statements="1" coveredstatements="1" conditionals="0" coveredconditionals="0" methods="0" coveredmethods="0"/>
      <line num="1" count="10" type="stmt"/>
    </file>
    <file name="Renderer.ts" path="/usr/src/app/src/dom/virtual-dom/Renderer.ts">
      <metrics statements="2" coveredstatements="2" conditionals="0" coveredconditionals="0" methods="1" coveredmethods="1"/>
      <line num="3" count="2" type="stmt"/>
      <line num="5" count="2" type="stmt"/>
    </file>
    <file name="TextNode.ts" path="/usr/src/app/src/dom/virtual-dom/TextNode.ts">
      <metrics statements="5" coveredstatements="5" conditionals="0" coveredconditionals="0" methods="2" coveredmethods="2"/>
      <line num="1" count="8" type="stmt"/>
      <line num="3" count="8" type="stmt"/>
      <line num="4" count="8" type="stmt"/>
      <line num="5" count="8" type="stmt"/>
      <line num="9" count="8" type="stmt"/>
    </file>
  </project>
</coverage>
