TN:
SF:src/dom/virtual-dom/ElementFactory.ts
FN:5,(anonymous_1)
FNF:1
FNH:1
FNDA:2,(anonymous_1)
DA:1,2
DA:4,2
DA:10,2
LF:3
LH:3
BRF:0
BRH:0
end_of_record
TN:
SF:src/dom/virtual-dom/ElementNode.ts
FN:4,(anonymous_1)
FN:12,(anonymous_2)
FNF:2
FNH:2
FNDA:4,(anonymous_1)
FNDA:4,(anonymous_2)
DA:1,4
DA:3,4
DA:5,4
DA:6,4
DA:7,4
DA:9,4
DA:13,4
DA:15,4
DA:16,4
DA:19,4
DA:20,4
DA:23,4
LF:12
LH:12
BRF:0
BRH:0
end_of_record
TN:
SF:src/dom/virtual-dom/Node.ts
FNF:0
FNH:0
DA:1,10
LF:1
LH:1
BRF:0
BRH:0
end_of_record
TN:
SF:src/dom/virtual-dom/Renderer.ts
FN:4,(anonymous_0)
FNF:1
FNH:1
FNDA:2,(anonymous_0)
DA:3,2
DA:5,2
LF:2
LH:2
BRF:0
BRH:0
end_of_record
TN:
SF:src/dom/virtual-dom/TextNode.ts
FN:4,(anonymous_1)
FN:8,(anonymous_2)
FNF:2
FNH:2
FNDA:8,(anonymous_1)
FNDA:8,(anonymous_2)
DA:1,8
DA:3,8
DA:4,8
DA:5,8
DA:9,8
LF:5
LH:5
BRF:0
BRH:0
end_of_record
